Using pre-set license
Built from '2020.3/release' branch; Version is '2020.3.12f1 (b3b2c6512326) revision 11776710'; Using compiler version '192528614'; Build Type 'Release'
OS: 'Windows 10 Home; OS build 18363.1440; Version 1909; 64bit' Language: 'el' Physical Memory: 16316 MB
BatchMode: 1, IsHumanControllingUs: 0, StartBugReporterOnCrash: 0, Is64bit: 1, IsPro: 0

 COMMAND LINE ARGUMENTS:
D:\Tools no.2\Unity\Unity builds\2020.3.12f1\Editor\Unity.exe
-adb2
-batchMode
-noUpm
-name
AssetImportWorker0
-projectPath
D:/Tools no.2/github/Space-Shooter
-logFile
Logs/AssetImportWorker0.log
-srvPort
55160
Successfully changed project path to: D:/Tools no.2/github/Space-Shooter
D:/Tools no.2/github/Space-Shooter
Using Asset Import Pipeline V2.
Refreshing native plugins compatible for Editor in 57.02 ms, found 2 plugins.
Preloading 0 native plugins for Editor in 0.00 ms.
Initialize engine version: 2020.3.12f1 (b3b2c6512326)
[Subsystems] Discovering subsystems at path D:/Tools no.2/Unity/Unity builds/2020.3.12f1/Editor/Data/Resources/UnitySubsystems
[Subsystems] Discovering subsystems at path D:/Tools no.2/github/Space-Shooter/Assets
GfxDevice: creating device client; threaded=0
Direct3D:
    Version:  Direct3D 11.0 [level 11.1]
    Renderer: NVIDIA GeForce GTX 960 (ID=0x1401)
    Vendor:   
    VRAM:     2007 MB
    Driver:   26.21.14.4120
Initialize mono
Mono path[0] = 'D:/Tools no.2/Unity/Unity builds/2020.3.12f1/Editor/Data/Managed'
Mono path[1] = 'D:/Tools no.2/Unity/Unity builds/2020.3.12f1/Editor/Data/MonoBleedingEdge/lib/mono/unityjit'
Mono config path = 'D:/Tools no.2/Unity/Unity builds/2020.3.12f1/Editor/Data/MonoBleedingEdge/etc'
Using monoOptions --debugger-agent=transport=dt_socket,embedding=1,server=y,suspend=n,address=127.0.0.1:56676
Begin MonoManager ReloadAssembly
Registering precompiled unity dll's ...
Register platform support module: D:/Tools no.2/Unity/Unity builds/2020.3.12f1/Editor/Data/PlaybackEngines/WindowsStandaloneSupport/UnityEditor.WindowsStandalone.Extensions.dll
Registered in 0.001103 seconds.
Native extension for WindowsStandalone target not found
Refreshing native plugins compatible for Editor in 58.22 ms, found 2 plugins.
Preloading 0 native plugins for Editor in 0.00 ms.
Mono: successfully reloaded assembly
- Completed reload, in  1.752 seconds
Platform modules already initialized, skipping
Registering precompiled user dll's ...
Registered in 0.003366 seconds.
Begin MonoManager ReloadAssembly
Native extension for WindowsStandalone target not found
Refreshing native plugins compatible for Editor in 57.09 ms, found 2 plugins.
Preloading 0 native plugins for Editor in 0.00 ms.
Mono: successfully reloaded assembly
- Completed reload, in  1.136 seconds
Platform modules already initialized, skipping
========================================================================
Worker process is ready to serve import requests
Launched and connected shader compiler UnityShaderCompiler.exe after 0.05 seconds
Refreshing native plugins compatible for Editor in 0.65 ms, found 2 plugins.
Preloading 0 native plugins for Editor in 0.00 ms.
Unloading 1801 Unused Serialized files (Serialized files now loaded: 0)
System memory in use before: 175.1 MB.
System memory in use after: 175.2 MB.

Unloading 24 unused Assets to reduce memory usage. Loaded Objects now: 2266.
Total: 2.549700 ms (FindLiveObjects: 0.218700 ms CreateObjectMapping: 0.052200 ms MarkObjects: 2.115500 ms  DeleteObjects: 0.162300 ms)

AssetImportParameters requested are different than current active one (requested -> active):
  custom:framework-win-MediaFoundation: 216162199b28c13a410421893ffa2e32 -> 
  custom:video-decoder-ogg-theora: a1e56fd34408186e4bbccfd4996cb3dc -> 
  custom:container-muxer-webm: aa71ff27fc2769a1b78a27578f13a17b -> 
  custom:container-demuxer-webm: 4f35f7cbe854078d1ac9338744f61a02 -> 
  custom:container-demuxer-ogg: 62fdf1f143b41e24485cea50d1cbac27 -> 
  custom:video-encoder-webm-vp8: eb34c28f22e8b96e1ab97ce403110664 -> 
  custom:video-decoder-webm-vp8: 9c59270c3fd7afecdb556c50c9e8de78 -> 
  custom:audio-decoder-ogg-vorbis: bf7c407c2cedff20999df2af8eb42d56 -> 
  custom:audio-encoder-webm-vorbis: bf7c407c2cedff20999df2af8eb42d56 -> 
========================================================================
Received Import Request.
  path: Assets/Scenes/mission base.unity
  artifactKey: Guid(0e32e2957e227f84094966ad657c66ca) Importer(815301076,1909f56bfc062723c751e8b465ee728b)
Start importing Assets/Scenes/mission base.unity using Guid(0e32e2957e227f84094966ad657c66ca) Importer(815301076,1909f56bfc062723c751e8b465ee728b)  -> (artifact id: '68606193a94cfe82254a41e48a0a8c8e') in 0.029597 seconds 
  Import took 0.032787 seconds .

========================================================================
Received Import Request.
  Time since last request: 17.051872 seconds.
  path: Assets/Scenes/basic scene.scenetemplate
  artifactKey: Guid(d75dc4a6ac205a64cbd4a17b43cd962f) Importer(815301076,1909f56bfc062723c751e8b465ee728b)
Start importing Assets/Scenes/basic scene.scenetemplate using Guid(d75dc4a6ac205a64cbd4a17b43cd962f) Importer(815301076,1909f56bfc062723c751e8b465ee728b)  -> (artifact id: 'c7a367b62833fd5b720c607decaf1b10') in 0.223825 seconds 
  Import took 0.227755 seconds .

========================================================================
Received Import Request.
  Time since last request: 23.315969 seconds.
  path: Assets/Scenes/survive.unity
  artifactKey: Guid(9bcbabaeee71afd4eb65ad49eb9dd20f) Importer(815301076,1909f56bfc062723c751e8b465ee728b)
Start importing Assets/Scenes/survive.unity using Guid(9bcbabaeee71afd4eb65ad49eb9dd20f) Importer(815301076,1909f56bfc062723c751e8b465ee728b)  -> (artifact id: '8b68758400e2392647732405db54bbf2') in 0.006770 seconds 
  Import took 0.009989 seconds .

========================================================================
Received Prepare
Registering precompiled user dll's ...
Registered in 0.003499 seconds.
Begin MonoManager ReloadAssembly
Native extension for WindowsStandalone target not found
Refreshing native plugins compatible for Editor in 0.64 ms, found 2 plugins.
Preloading 0 native plugins for Editor in 0.00 ms.
Mono: successfully reloaded assembly
- Completed reload, in  1.044 seconds
Platform modules already initialized, skipping
Refreshing native plugins compatible for Editor in 0.69 ms, found 2 plugins.
Preloading 0 native plugins for Editor in 0.00 ms.
Unloading 1781 Unused Serialized files (Serialized files now loaded: 0)
System memory in use before: 174.0 MB.
System memory in use after: 174.0 MB.

Unloading 14 unused Assets to reduce memory usage. Loaded Objects now: 2270.
Total: 2.452700 ms (FindLiveObjects: 0.226100 ms CreateObjectMapping: 0.042900 ms MarkObjects: 2.051500 ms  DeleteObjects: 0.130800 ms)

AssetImportParameters requested are different than current active one (requested -> active):
  custom:framework-win-MediaFoundation: 216162199b28c13a410421893ffa2e32 -> 
  custom:video-decoder-ogg-theora: a1e56fd34408186e4bbccfd4996cb3dc -> 
  custom:container-muxer-webm: aa71ff27fc2769a1b78a27578f13a17b -> 
  custom:container-demuxer-webm: 4f35f7cbe854078d1ac9338744f61a02 -> 
  custom:container-demuxer-ogg: 62fdf1f143b41e24485cea50d1cbac27 -> 
  custom:video-encoder-webm-vp8: eb34c28f22e8b96e1ab97ce403110664 -> 
  custom:video-decoder-webm-vp8: 9c59270c3fd7afecdb556c50c9e8de78 -> 
  custom:audio-decoder-ogg-vorbis: bf7c407c2cedff20999df2af8eb42d56 -> 
  custom:audio-encoder-webm-vorbis: bf7c407c2cedff20999df2af8eb42d56 -> 
========================================================================
Received Import Request.
  Time since last request: 1427.306186 seconds.
  path: Assets/Scenes/basic scene.scenetemplate
  artifactKey: Guid(d75dc4a6ac205a64cbd4a17b43cd962f) Importer(815301076,1909f56bfc062723c751e8b465ee728b)
Start importing Assets/Scenes/basic scene.scenetemplate using Guid(d75dc4a6ac205a64cbd4a17b43cd962f) Importer(815301076,1909f56bfc062723c751e8b465ee728b)  -> (artifact id: 'e5f52bc521660dfffdae3488ae57a92a') in 0.317354 seconds 
  Import took 0.328096 seconds .

========================================================================
Received Import Request.
  Time since last request: 18.381701 seconds.
  path: Assets/prefabs/player.prefab
  artifactKey: Guid(6270f66c3af45a14783144ace764c15e) Importer(815301076,1909f56bfc062723c751e8b465ee728b)
Start importing Assets/prefabs/player.prefab using Guid(6270f66c3af45a14783144ace764c15e) Importer(815301076,1909f56bfc062723c751e8b465ee728b)  -> (artifact id: '45f1e9ffc49b22bd2413fda4849eab40') in 0.094647 seconds 
  Import took 0.098254 seconds .

========================================================================
Received Import Request.
  Time since last request: 819.166707 seconds.
  path: Assets/Scenes/mission base.unity
  artifactKey: Guid(0e32e2957e227f84094966ad657c66ca) Importer(815301076,1909f56bfc062723c751e8b465ee728b)
Start importing Assets/Scenes/mission base.unity using Guid(0e32e2957e227f84094966ad657c66ca) Importer(815301076,1909f56bfc062723c751e8b465ee728b)  -> (artifact id: '60c92a8e2433dd2621f8176a304df81a') in 0.003152 seconds 
  Import took 0.006688 seconds .

AssetImportWorkerClient::OnTransportError - code=2 error=End of file
